<?xml version="1.0" encoding="UTF-8"?>
<testng-results ignored="0" total="1" passed="1" failed="0" skipped="0">
  <reporter-output>
  </reporter-output>
  <suite started-at="2024-02-23T12:18:12 IST" name="Default suite" finished-at="2024-02-23T12:18:20 IST" duration-ms="7344">
    <groups>
    </groups>
    <test started-at="2024-02-23T12:18:12 IST" name="Default test" finished-at="2024-02-23T12:18:20 IST" duration-ms="7344">
      <class name="driverFactory.AppTest">
        <test-method signature="kickStart()[pri:0, instance:driverFactory.AppTest@5677323c]" started-at="2024-02-23T12:18:12 IST" name="kickStart" finished-at="2024-02-23T12:18:20 IST" duration-ms="7301" status="PASS">
          <reporter-output>
          </reporter-output>
        </test-method> <!-- kickStart -->
      </class> <!-- driverFactory.AppTest -->
    </test> <!-- Default test -->
  </suite> <!-- Default suite -->
</testng-results>
